0 info it worked if it ends with ok
1 verbose cli [ '/usr/local/Cellar/node/0.10.0/bin/node',
1 verbose cli   '/usr/local/bin/npm',
1 verbose cli   'publish' ]
2 info using npm@1.2.14
3 info using node@v0.10.0
4 verbose publish [ '.' ]
5 verbose read json /Users/jbrooksuk/Code/Soundgasm/lib/soundrain/package.json
6 verbose cache add [ '.', null ]
7 verbose cache add name=undefined spec="." args=[".",null]
8 verbose parsed url { protocol: null,
8 verbose parsed url   slashes: null,
8 verbose parsed url   auth: null,
8 verbose parsed url   host: null,
8 verbose parsed url   port: null,
8 verbose parsed url   hostname: null,
8 verbose parsed url   hash: null,
8 verbose parsed url   search: null,
8 verbose parsed url   query: null,
8 verbose parsed url   pathname: '.',
8 verbose parsed url   path: '.',
8 verbose parsed url   href: '.' }
9 silly lockFile 3a52ce78- .
10 verbose lock . /Users/jbrooksuk/.npm/3a52ce78-.lock
11 verbose read json package.json
12 verbose tar pack [ '/var/folders/55/q9fcr77x755_1pw4_3bkfxh40000gn/T/npm-50542/1372576927480-0.4981385313440114/tmp.tgz',
12 verbose tar pack   '.' ]
13 verbose tarball /var/folders/55/q9fcr77x755_1pw4_3bkfxh40000gn/T/npm-50542/1372576927480-0.4981385313440114/tmp.tgz
14 verbose folder .
15 info prepublish soundrain@0.0.1
16 silly lockFile 3a52ce78- .
17 verbose lock . /Users/jbrooksuk/.npm/3a52ce78-.lock
18 silly lockFile 62bf395d-27480-0-4981385313440114-tmp-tgz /var/folders/55/q9fcr77x755_1pw4_3bkfxh40000gn/T/npm-50542/1372576927480-0.4981385313440114/tmp.tgz
19 verbose lock /var/folders/55/q9fcr77x755_1pw4_3bkfxh40000gn/T/npm-50542/1372576927480-0.4981385313440114/tmp.tgz /Users/jbrooksuk/.npm/62bf395d-27480-0-4981385313440114-tmp-tgz.lock
20 silly lockFile 3a52ce78- .
21 silly lockFile 3a52ce78- .
22 silly lockFile 62bf395d-27480-0-4981385313440114-tmp-tgz /var/folders/55/q9fcr77x755_1pw4_3bkfxh40000gn/T/npm-50542/1372576927480-0.4981385313440114/tmp.tgz
23 silly lockFile 62bf395d-27480-0-4981385313440114-tmp-tgz /var/folders/55/q9fcr77x755_1pw4_3bkfxh40000gn/T/npm-50542/1372576927480-0.4981385313440114/tmp.tgz
24 verbose tar unpack /var/folders/55/q9fcr77x755_1pw4_3bkfxh40000gn/T/npm-50542/1372576927480-0.4981385313440114/tmp.tgz
25 silly lockFile 34650c47-27480-0-4981385313440114-package /var/folders/55/q9fcr77x755_1pw4_3bkfxh40000gn/T/npm-50542/1372576927480-0.4981385313440114/package
26 verbose lock /var/folders/55/q9fcr77x755_1pw4_3bkfxh40000gn/T/npm-50542/1372576927480-0.4981385313440114/package /Users/jbrooksuk/.npm/34650c47-27480-0-4981385313440114-package.lock
27 silly lockFile 62bf395d-27480-0-4981385313440114-tmp-tgz /var/folders/55/q9fcr77x755_1pw4_3bkfxh40000gn/T/npm-50542/1372576927480-0.4981385313440114/tmp.tgz
28 verbose lock /var/folders/55/q9fcr77x755_1pw4_3bkfxh40000gn/T/npm-50542/1372576927480-0.4981385313440114/tmp.tgz /Users/jbrooksuk/.npm/62bf395d-27480-0-4981385313440114-tmp-tgz.lock
29 silly gunzTarPerm modes [ '755', '644' ]
30 silly gunzTarPerm extractEntry package.json
31 silly gunzTarPerm extractEntry .npmignore
32 silly gunzTarPerm extractEntry README.md
33 silly gunzTarPerm extractEntry index.js
34 verbose read json /var/folders/55/q9fcr77x755_1pw4_3bkfxh40000gn/T/npm-50542/1372576927480-0.4981385313440114/package/package.json
35 silly lockFile 34650c47-27480-0-4981385313440114-package /var/folders/55/q9fcr77x755_1pw4_3bkfxh40000gn/T/npm-50542/1372576927480-0.4981385313440114/package
36 silly lockFile 34650c47-27480-0-4981385313440114-package /var/folders/55/q9fcr77x755_1pw4_3bkfxh40000gn/T/npm-50542/1372576927480-0.4981385313440114/package
37 silly lockFile 62bf395d-27480-0-4981385313440114-tmp-tgz /var/folders/55/q9fcr77x755_1pw4_3bkfxh40000gn/T/npm-50542/1372576927480-0.4981385313440114/tmp.tgz
38 silly lockFile 62bf395d-27480-0-4981385313440114-tmp-tgz /var/folders/55/q9fcr77x755_1pw4_3bkfxh40000gn/T/npm-50542/1372576927480-0.4981385313440114/tmp.tgz
39 verbose from cache /var/folders/55/q9fcr77x755_1pw4_3bkfxh40000gn/T/npm-50542/1372576927480-0.4981385313440114/package/package.json
40 verbose tar pack [ '/Users/jbrooksuk/.npm/soundrain/0.0.1/package.tgz',
40 verbose tar pack   '/var/folders/55/q9fcr77x755_1pw4_3bkfxh40000gn/T/npm-50542/1372576927480-0.4981385313440114/package' ]
41 verbose tarball /Users/jbrooksuk/.npm/soundrain/0.0.1/package.tgz
42 verbose folder /var/folders/55/q9fcr77x755_1pw4_3bkfxh40000gn/T/npm-50542/1372576927480-0.4981385313440114/package
43 silly lockFile 34650c47-27480-0-4981385313440114-package /var/folders/55/q9fcr77x755_1pw4_3bkfxh40000gn/T/npm-50542/1372576927480-0.4981385313440114/package
44 verbose lock /var/folders/55/q9fcr77x755_1pw4_3bkfxh40000gn/T/npm-50542/1372576927480-0.4981385313440114/package /Users/jbrooksuk/.npm/34650c47-27480-0-4981385313440114-package.lock
45 silly lockFile 373ebe56--npm-soundrain-0-0-1-package-tgz /Users/jbrooksuk/.npm/soundrain/0.0.1/package.tgz
46 verbose lock /Users/jbrooksuk/.npm/soundrain/0.0.1/package.tgz /Users/jbrooksuk/.npm/373ebe56--npm-soundrain-0-0-1-package-tgz.lock
47 silly lockFile 34650c47-27480-0-4981385313440114-package /var/folders/55/q9fcr77x755_1pw4_3bkfxh40000gn/T/npm-50542/1372576927480-0.4981385313440114/package
48 silly lockFile 34650c47-27480-0-4981385313440114-package /var/folders/55/q9fcr77x755_1pw4_3bkfxh40000gn/T/npm-50542/1372576927480-0.4981385313440114/package
49 silly lockFile 373ebe56--npm-soundrain-0-0-1-package-tgz /Users/jbrooksuk/.npm/soundrain/0.0.1/package.tgz
50 silly lockFile 373ebe56--npm-soundrain-0-0-1-package-tgz /Users/jbrooksuk/.npm/soundrain/0.0.1/package.tgz
51 silly lockFile 7956931f-ksuk-npm-soundrain-0-0-1-package /Users/jbrooksuk/.npm/soundrain/0.0.1/package
52 verbose lock /Users/jbrooksuk/.npm/soundrain/0.0.1/package /Users/jbrooksuk/.npm/7956931f-ksuk-npm-soundrain-0-0-1-package.lock
53 silly lockFile 7956931f-ksuk-npm-soundrain-0-0-1-package /Users/jbrooksuk/.npm/soundrain/0.0.1/package
54 silly lockFile 7956931f-ksuk-npm-soundrain-0-0-1-package /Users/jbrooksuk/.npm/soundrain/0.0.1/package
55 verbose tar unpack /Users/jbrooksuk/.npm/soundrain/0.0.1/package.tgz
56 silly lockFile 7956931f-ksuk-npm-soundrain-0-0-1-package /Users/jbrooksuk/.npm/soundrain/0.0.1/package
57 verbose lock /Users/jbrooksuk/.npm/soundrain/0.0.1/package /Users/jbrooksuk/.npm/7956931f-ksuk-npm-soundrain-0-0-1-package.lock
58 silly lockFile 373ebe56--npm-soundrain-0-0-1-package-tgz /Users/jbrooksuk/.npm/soundrain/0.0.1/package.tgz
59 verbose lock /Users/jbrooksuk/.npm/soundrain/0.0.1/package.tgz /Users/jbrooksuk/.npm/373ebe56--npm-soundrain-0-0-1-package-tgz.lock
60 silly gunzTarPerm modes [ '755', '644' ]
61 silly gunzTarPerm extractEntry package.json
62 silly gunzTarPerm extractEntry .npmignore
63 silly gunzTarPerm extractEntry README.md
64 silly gunzTarPerm extractEntry index.js
65 verbose read json /Users/jbrooksuk/.npm/soundrain/0.0.1/package/package.json
66 silly lockFile 7956931f-ksuk-npm-soundrain-0-0-1-package /Users/jbrooksuk/.npm/soundrain/0.0.1/package
67 silly lockFile 7956931f-ksuk-npm-soundrain-0-0-1-package /Users/jbrooksuk/.npm/soundrain/0.0.1/package
68 silly lockFile 373ebe56--npm-soundrain-0-0-1-package-tgz /Users/jbrooksuk/.npm/soundrain/0.0.1/package.tgz
69 silly lockFile 373ebe56--npm-soundrain-0-0-1-package-tgz /Users/jbrooksuk/.npm/soundrain/0.0.1/package.tgz
70 silly shasum updated bytes 1807
71 info shasum d4347f24e92c30a2f6fb1e169847b6c5bd326fbb
71 info shasum /Users/jbrooksuk/.npm/soundrain/0.0.1/package.tgz
72 verbose from cache /Users/jbrooksuk/.npm/soundrain/0.0.1/package/package.json
73 verbose chmod /Users/jbrooksuk/.npm/soundrain/0.0.1/package.tgz 644
74 verbose chown /Users/jbrooksuk/.npm/soundrain/0.0.1/package.tgz [ 501, 20 ]
75 silly lockFile 3a52ce78- .
76 silly publish { name: 'soundrain',
76 silly publish   version: '0.0.1',
76 silly publish   description: 'Downloads songs from SoundCloud.com',
76 silly publish   main: './index.js',
76 silly publish   repository: { type: 'git', url: 'git://github.com/jbrooksuk/SoundRain.git' },
76 silly publish   keywords: [ 'soundcloud', 'mp3', 'download', 'soundrain' ],
76 silly publish   author: { name: 'James Brooks', email: 'jbrooksuk@me.com' },
76 silly publish   readmeFilename: 'README.md',
76 silly publish   readme: '# SoundRain\nEvented Node.js module for downloading songs from [SoundCloud](http://soundcloud.com). Based on the awesome work by [@dmotz](https://github.com/dmotz/soundscrape).\n\n# Installation\n`npm install soundrain`\n\n# Usage\nSoundRain is really easy to setup. Create a folder in your app directory which will be used to download songs into. In this example, I\'ve used `./mp3`.\n\n```js\nSoundRain = require(\'soundrain\');\nvar Song = new SoundRain("https://soundcloud.com/jbrooksuk/twisted-beat-sample-at", \'./mp3\');\nSong.on(\'error\', function(err) {\n\tif(err) throw err;\n}).on(\'done\', function(file) {\n\tconsole.log(file);\n});\n```\n\n# Notice\nUse responsibly and respect SoundCloud and the artists which use it.\n\n# License\nMIT - [http://jbrooksuk.mit-license.org](http://jbrooksuk.mit-license.org)',
76 silly publish   _id: 'soundrain@0.0.1',
76 silly publish   dist: { shasum: 'd4347f24e92c30a2f6fb1e169847b6c5bd326fbb' },
76 silly publish   _from: '.' }
77 verbose url raw soundrain
78 verbose url resolving [ 'https://registry.npmjs.org/', './soundrain' ]
79 verbose url resolved https://registry.npmjs.org/soundrain
80 info trying registry request attempt 1 at 08:22:18
81 http PUT https://registry.npmjs.org/soundrain
82 http 409 https://registry.npmjs.org/soundrain
83 verbose url raw soundrain
84 verbose url resolving [ 'https://registry.npmjs.org/', './soundrain' ]
85 verbose url resolved https://registry.npmjs.org/soundrain
86 info trying registry request attempt 1 at 08:22:19
87 http GET https://registry.npmjs.org/soundrain
88 http 200 https://registry.npmjs.org/soundrain
89 error publish fail Cannot publish over existing version.
89 error publish fail Update the 'version' field in package.json and try again.
89 error publish fail
89 error publish fail If the previous version was published in error, see:
89 error publish fail     npm help unpublish
89 error publish fail
89 error publish fail To automatically increment version numbers, see:
89 error publish fail     npm help version
90 error System Darwin 12.4.0
91 error command "/usr/local/Cellar/node/0.10.0/bin/node" "/usr/local/bin/npm" "publish"
92 error cwd /Users/jbrooksuk/Code/Soundgasm/lib/soundrain
93 error node -v v0.10.0
94 error npm -v 1.2.14
95 error code EPUBLISHCONFLICT
96 verbose exit [ 1, true ]
